<?xml version="1.0" encoding="UTF-8"?>
<!-- Generated by org.testng.reporters.JUnitReportReporter -->
<testsuite skipped="6" hostname="Mds-MacBook-Air.local" name="test.Get_APITest" tests="7" failures="0" timestamp="2022-12-11T20:11:02 EST" time="3.160" errors="0">
  <testcase name="getCallComplexListValidationJsonPath02" time="3.160" classname="test.Get_APITest"/>
  <system-out/>
  <testcase name="getCallComplexListValidationJsonPath" classname="test.Get_APITest">
    <skipped/>
  </testcase> <!-- getCallComplexListValidationJsonPath -->
  <system-out/>
  <testcase name="getStatusCodeValidation" classname="test.Get_APITest">
    <skipped/>
  </testcase> <!-- getStatusCodeValidation -->
  <system-out/>
  <testcase name="getCallListValidation" classname="test.Get_APITest">
    <skipped/>
  </testcase> <!-- getCallListValidation -->
  <system-out/>
  <testcase name="getCallComplexListValidationJsonPath01" classname="test.Get_APITest">
    <skipped/>
  </testcase> <!-- getCallComplexListValidationJsonPath01 -->
  <system-out/>
  <testcase name="getCallBodyRespoonse" classname="test.Get_APITest">
    <skipped/>
  </testcase> <!-- getCallBodyRespoonse -->
  <system-out/>
  <testcase name="getCallComplexBodyValidation" classname="test.Get_APITest">
    <skipped/>
  </testcase> <!-- getCallComplexBodyValidation -->
  <system-out/>
</testsuite> <!-- test.Get_APITest -->
