<?xml version="1.0" encoding="UTF-8"?>
<!-- Generated by org.testng.reporters.JUnitReportReporter -->
<testsuite skipped="3" hostname="Mds-MacBook-Air.local" name="test.Get_APITest" tests="4" failures="0" timestamp="2022-12-10T14:21:03 EST" time="20.934" errors="0">
  <testcase name="getCallListValidation" time="20.934" classname="test.Get_APITest"/>
  <system-out/>
  <testcase name="getStatusCodeValidation" classname="test.Get_APITest">
    <skipped/>
  </testcase> <!-- getStatusCodeValidation -->
  <system-out/>
  <testcase name="getCallBodyRespoonse" classname="test.Get_APITest">
    <skipped/>
  </testcase> <!-- getCallBodyRespoonse -->
  <system-out/>
  <testcase name="getCallComplexBodyValidation" classname="test.Get_APITest">
    <skipped/>
  </testcase> <!-- getCallComplexBodyValidation -->
  <system-out/>
</testsuite> <!-- test.Get_APITest -->
