<?xml version="1.0" encoding="UTF-8"?>
<!-- Generated by org.testng.reporters.JUnitReportReporter -->
<testsuite skipped="0" hostname="Mds-MacBook-Air.local" name="test.APITest" tests="1" failures="0" timestamp="2022-12-10T01:08:44 EST" time="2.370" errors="0">
  <testcase name="getCall" time="2.370" classname="test.APITest"/>
  <system-out/>
</testsuite> <!-- test.APITest -->
